        -:    0:Source:cardtest1.c
        -:    0:Graph:cardtest1.gcno
        -:    0:Data:cardtest1.gcda
        -:    0:Runs:1
        -:    0:Programs:1
        -:    1:/* CS362 - Assignment 3
        -:    2: * cardtest1.c --> test for card smithy
        -:    3: */
        -:    4:
        -:    5:
        -:    6:
        -:    7:#include "dominion.h"
        -:    8:#include "dominion_helpers.h"
        -:    9:#include <string.h>
        -:   10:#include <stdio.h>
        -:   11:#include <assert.h>
        -:   12:#include "rngs.h"
        -:   13:
        -:   14:   
        -:   15:
        -:   16://count of test failures - global count
        -:   17:int failuresCount = 0;
        -:   18:
        -:   19://own asserttrue function
function assertTrue called 17 returned 100% blocks executed 100%
       17:   20:void assertTrue(int a, int b){
       17:   21:    if (a == b)
branch  0 taken 88% (fallthrough)
branch  1 taken 12%
       15:   22:        printf("Test: PASS");
call    0 returned 100%
        -:   23:    else {
        2:   24:        printf("Test: FAIL\n");
call    0 returned 100%
        2:   25:        failuresCount++;
        -:   26:    }
       17:   27:}
        -:   28:
function main called 1 returned 100% blocks executed 97%
        1:   29:int main(){
        -:   30:
        1:   31:     printf("**********TESTING FOR SMITHY****************\n");
call    0 returned 100%
        -:   32:     
        1:   33:    int numPlayers = 2;
        1:   34:    int player0 = 0;
        1:   35:    int player1 = 1;
        -:   36:    
        -:   37:
        1:   38:    int handPosition = 0;
        1:   39:    int choice1 = 0,  choice2 = 0, choice3 = 0, bonus = 0;
        -:   40:
        -:   41:    //kingdom cards
        1:   42:    int k[10] = {adventurer, smithy, great_hall, council_room, 
        -:   43:                 embargo, steward, feast, baron, village, gardens};
        -:   44:
        1:   45:    int seed = 1000;
        -:   46:
        -:   47:    struct gameState game, originalGame;
        -:   48:
        1:   49:    memset(&game, 25, sizeof(struct gameState));
        1:   50:    memset(&originalGame, 25, sizeof(struct gameState));
        -:   51:
        -:   52:    //initialize game
        1:   53:    initializeGame(numPlayers, k, seed, &game);
call    0 returned 100%
        -:   54:
        -:   55:    //copy to preserve it
        1:   56:    memcpy(&originalGame, &game, sizeof(struct gameState));
        -:   57:
        1:   58:    printf("TEST FOR SMITHY\n");
call    0 returned 100%
        -:   59:
        1:   60:    choice1 = 1;
        1:   61:    cardEffect(smithy, choice1, choice2, choice3, &game, handPosition, &bonus);
call    0 returned 100%
        -:   62:
        1:   63:    printf("\nDid Player 0 gain 3 cards?\n");
call    0 returned 100%
        1:   64:    assertTrue(game.handCount[player0], originalGame.handCount[player0] + 2);
call    0 returned 100%
        -:   65:
        1:   66:    printf("\nPlayer 0 gains 3 cards from own pile\n");
call    0 returned 100%
        1:   67:    assertTrue(game.deckCount[player0], originalGame.deckCount[player0] - 3);
call    0 returned 100%
        -:   68:
        1:   69:    printf("Any change to victory card piles?\n");
call    0 returned 100%
        1:   70:    printf("Duchy Pile\n");
call    0 returned 100%
        1:   71:    assertTrue(game.supplyCount[duchy],originalGame.supplyCount[duchy]);
call    0 returned 100%
        1:   72:    printf("\nProvince Pile\n");
call    0 returned 100%
        1:   73:    assertTrue(game.supplyCount[province],originalGame.supplyCount[province]);
call    0 returned 100%
        1:   74:    printf("\nEstate Pile\n");
call    0 returned 100%
        1:   75:    assertTrue(game.supplyCount[estate],originalGame.supplyCount[estate]);
call    0 returned 100%
        -:   76:
        1:   77:    printf("\nAny change to kingdom card piles?\n");
call    0 returned 100%
       11:   78:    for (int i = 0; i < 10; i++){
branch  0 taken 91%
branch  1 taken 9% (fallthrough)
       10:   79:        printf("\nChecking kingdom card piles?\n");
call    0 returned 100%
       10:   80:        assertTrue(game.supplyCount[k[i]],originalGame.supplyCount[k[i]]);
call    0 returned 100%
        -:   81:    }
        -:   82:
        1:   83:    printf("\nCheck to see if Player 1 was affected\n");
call    0 returned 100%
        1:   84:    printf("Hand count for player 1 - is it valid?\n");
call    0 returned 100%
        1:   85:    assertTrue(game.handCount[player1],originalGame.handCount[player1]);
call    0 returned 100%
        1:   86:    printf("\nDeck count for player 1 - is is valid?\n");
call    0 returned 100%
        1:   87:    assertTrue(game.deckCount[player1],originalGame.deckCount[player1]);
call    0 returned 100%
        -:   88:
        -:   89:
        1:   90:    if (failuresCount) {
branch  0 taken 100% (fallthrough)
branch  1 taken 0%
        1:   91:        printf("\nNUMBER OF TESTS FAILED\n");
call    0 returned 100%
        1:   92:        printf("Fails: %d\n",failuresCount);
call    0 returned 100%
        -:   93:    }
        -:   94:    else {
    #####:   95:        printf("\nTEST SUCCESSFULLY COMPLETED\n\n");
call    0 never executed
        -:   96:    }
        -:   97:
        1:   98:    return 0;
        -:   99:
        -:  100:}
