        -:    0:Source:cardtest3.c
        -:    0:Graph:cardtest3.gcno
        -:    0:Data:cardtest3.gcda
        -:    0:Runs:1
        -:    0:Programs:1
        -:    1:/* CS362 - Assignment 3
        -:    2: * cardtest3.c --> test for card council_room
        -:    3: */
        -:    4:
        -:    5:#include "dominion.h"
        -:    6:#include "dominion_helpers.h"
        -:    7:#include <string.h>
        -:    8:#include <stdio.h>
        -:    9:#include <assert.h>
        -:   10:#include "rngs.h"
        -:   11:
        -:   12:
        -:   13:
        -:   14:
        -:   15://count of test failures - global count
        -:   16:int failuresCount = 0;
        -:   17:
        -:   18://own asserttrue function
function assertTrue called 18 returned 100% blocks executed 100%
       18:   19:void assertTrue(int a, int b){
       18:   20:    if (a == b)
branch  0 taken 83% (fallthrough)
branch  1 taken 17%
       15:   21:        printf("Test: PASS");
call    0 returned 100%
        -:   22:    else {
        3:   23:        printf("Test: FAIL\n");
call    0 returned 100%
        3:   24:        failuresCount++;
        -:   25:    }
       18:   26:}
        -:   27:
function main called 1 returned 100% blocks executed 97%
        1:   28:int main(){
        -:   29:
        1:   30:    printf("***********Testing for Card COUNCIL_ROOM ********************\n");
call    0 returned 100%
        1:   31:    int numPlayers = 2;
        1:   32:    int player0 = 0;
        1:   33:    int player1 = 1;
        -:   34:    
        1:   35:    int handPosition = 0;
        1:   36:    int choice1 = 0,  choice2 = 0, choice3 = 0, bonus = 0;
        -:   37:
        -:   38:    //kingdom cards
        1:   39:    int k[10] = {adventurer, smithy, great_hall, council_room, 
        -:   40:                 embargo, steward, feast, baron, village, gardens};
        -:   41:
        1:   42:    int seed = 1000;
        -:   43:
        -:   44:    struct gameState game, originalGame;
        -:   45:
        1:   46:    memset(&game, 25, sizeof(struct gameState));
        1:   47:    memset(&originalGame, 25, sizeof(struct gameState));
        -:   48:
        -:   49:    //initialize game
        1:   50:    initializeGame(numPlayers, k, seed, &game);
call    0 returned 100%
        -:   51:
        -:   52:    //copy to preserve it
        1:   53:    memcpy(&originalGame, &game, sizeof(struct gameState));
        -:   54:
        1:   55:    printf("TEST FOR COUNCIL_ROOM\n");
call    0 returned 100%
        -:   56:
        -:   57:    
        1:   58:    cardEffect(council_room, choice1, choice2, choice3, &game, handPosition, &bonus);
call    0 returned 100%
        -:   59:
        1:   60:    printf("\nDid Player 0 gain 4 cards?\n");
call    0 returned 100%
        1:   61:    assertTrue(game.handCount[player0], originalGame.handCount[player0] + 3);
call    0 returned 100%
        -:   62:
        1:   63:    printf("\nPlayer 0 gains 3 cards from own pile\n");
call    0 returned 100%
        1:   64:    assertTrue(game.deckCount[player0], originalGame.deckCount[player0] - 4);
call    0 returned 100%
        -:   65:
        1:   66:    printf("\nPlayer 0 buys more\n");
call    0 returned 100%
        1:   67:    assertTrue(game.numBuys, originalGame.numBuys);
call    0 returned 100%
        -:   68:
        -:   69:    
        1:   70:    printf("\nAny change to victory card piles?\n");
call    0 returned 100%
        1:   71:    printf("Duchy Pile\n");
call    0 returned 100%
        1:   72:    assertTrue(game.supplyCount[duchy],originalGame.supplyCount[duchy]);
call    0 returned 100%
        1:   73:    printf("\nProvince Pile\n");
call    0 returned 100%
        1:   74:    assertTrue(game.supplyCount[province],originalGame.supplyCount[province]);
call    0 returned 100%
        1:   75:    printf("\nEstate Pile\n");
call    0 returned 100%
        1:   76:    assertTrue(game.supplyCount[estate],originalGame.supplyCount[estate]);
call    0 returned 100%
        -:   77:
        1:   78:    printf("\nAny change to kingdom card piles?\n");
call    0 returned 100%
       11:   79:    for (int i = 0; i < 10; i++)
branch  0 taken 91%
branch  1 taken 9% (fallthrough)
       10:   80:        assertTrue(game.supplyCount[k[i]],originalGame.supplyCount[k[i]]);
call    0 returned 100%
        -:   81:    
        1:   82:    printf("\nCheck to see if Player 1 gained a card\n");
call    0 returned 100%
        1:   83:    printf("Hand count for player 1 - is it valid?\n");
call    0 returned 100%
        1:   84:    assertTrue(game.handCount[player1],originalGame.handCount[player1] +1);
call    0 returned 100%
        1:   85:    printf("\nDeck count for player 1 to see if gained a card from own deck - is is valid?\n");
call    0 returned 100%
        1:   86:    assertTrue(game.deckCount[player1],originalGame.deckCount[player1] -1);
call    0 returned 100%
        -:   87:
        -:   88:
        1:   89:    if (failuresCount) {
branch  0 taken 100% (fallthrough)
branch  1 taken 0%
        1:   90:        printf("\nNUMBER OF TESTS FAILED\n");
call    0 returned 100%
        1:   91:        printf("Fails: %d\n",failuresCount);
call    0 returned 100%
        -:   92:    }
        -:   93:    else {
    #####:   94:        printf("\nTEST SUCCESSFULLY COMPLETED\n\n");
call    0 never executed
        -:   95:    }
        -:   96:
        1:   97:    return 0;
        -:   98:
        -:   99:}
