        -:    0:Source:randomtestadventurer.c
        -:    0:Graph:randomtestadventurer.gcno
        -:    0:Data:randomtestadventurer.gcda
        -:    0:Runs:1
        -:    0:Programs:1
        -:    1:/* ============================================================
        -:    2: * CS362-400 - Summer 2018
        -:    3: * Mui Clark
        -:    4: * Assignment 4 - Random test generator
        -:    5: *              Card used: adventurer
        -:    6: * Reference: testCard code given in the course github repo &
        -:    7: *             class notes
        -:    8: * ============================================================
        -:    9:*/
        -:   10:
        -:   11:#include "dominion.h"
        -:   12:#include "dominion_helpers.h"
        -:   13:#include "rngs.h"  //random number generator
        -:   14:#include <string.h>
        -:   15:#include <stdlib.h>
        -:   16:#include <assert.h>
        -:   17:#include <stdio.h>
        -:   18:#include <time.h>
        -:   19:#include <math.h>
        -:   20:
        -:   21:
        -:   22:// Counter variables to test failure rates
        -:   23:int cardEffectFail = 0;
        -:   24:int shuffleFail = 0;
        -:   25:int drawCardFail = 0;
        -:   26:int deckHandCountFail = 0;
        -:   27:int treasureCountFail = 0;
        -:   28:
        1:   29:void adventurerCardCheck(int p, struct gameState *postgame){
        -:   30:
        -:   31:    //treasure count test variables
        1:   32:    int postTreasCount = 0;
        1:   33:    int preTreasCount = 0;
        -:   34:    int tempHand[MAX_HAND];
        1:   35:    int drawnTreas = 0;
        -:   36:
        -:   37:    //variables for cardEffect and drawing cards
        -:   38:    int cardDrawn, card;
        1:   39:    int u = 0;
        -:   40:
        -:   41:    struct gameState pregame; //for manual test
        -:   42:
        -:   43:    //copy game to pregame state
        1:   44:    memcpy (&pregame, postgame, sizeof(struct gameState));
        1:   45:    int bonus = 0;  //set starting bonus to 0
        -:   46:
        -:   47:    //cardEffect function call for adventurer
        1:   48:   int r = cardEffect(adventurer,0,0,0,postgame,0,&bonus);
        -:   49:
        -:   50:    //test did cardEffect work?
        1:   51:    if(r)
    #####:   52:        cardEffectFail++;
        -:   53:
        -:   54://adventurer card functionality
       12:   55:    while (drawnTreas < 2){
       10:   56:        if(pregame.deckCount[p] < 1){
    #####:   57:            int s = shuffle(p, &pregame);
    #####:   58:            if(s == -1 && pregame.deckCount[p] >= 1)
    #####:   59:                shuffleFail++;
        -:   60:        }
       10:   61:        int t = drawCard(p, &pregame);
        -:   62:
       10:   63:        if(t == -1 && pregame.deckCount[p] != 0)
    #####:   64:            drawCardFail++;
        -:   65:
        -:   66:        //assign top card as recently drawn card
       10:   67:        cardDrawn = pregame.hand[p][pregame.handCount[p] - 1];
       10:   68:        if(cardDrawn == copper || cardDrawn == silver || cardDrawn == gold)
        2:   69:            drawnTreas++;
        -:   70:        else{
        8:   71:            tempHand[u] = cardDrawn;
        8:   72:            pregame.handCount[p]--;  //to remove most recently drawn card
        8:   73:            u++;
        -:   74:
        -:   75:        }
        -:   76:    }
        -:   77:
       10:   78:    while( u - 1 >= 0){
        8:   79:        pregame.discard[p][pregame.discardCount[p]++] = tempHand[u - 1]; 
        8:   80:            u = u-1;
        -:   81:    }
        -:   82:
        -:   83://get treasure counts for pre and post games
      367:   84:   for (int i = 0; i < pregame.handCount[p]; i++) {
      366:   85:        card = pregame.hand[p][i];
      366:   86:        if (card == copper || card == silver || card == gold) {
        2:   87:            preTreasCount++;
        -:   88:        }
        -:   89:    } 
      367:   90:    for (int i = 0; i < postgame->handCount[p]; i++) {
      366:   91:            card = postgame->hand[p][i];
      366:   92:            if (card == copper || card == silver || card == gold) {
        2:   93:                postTreasCount++;
        -:   94:            }
        -:   95:        }
        -:   96://test whether pre and post treasure counts tally
        1:   97:        if(postTreasCount != preTreasCount)
    #####:   98:            treasureCountFail++;
        -:   99:
        -:  100://values of handCount and deckCount
        1:  101:    int postHandCount = postgame->handCount[p];
        1:  102:    int postDeckCount = postgame->deckCount[p];
        1:  103:    int postDiscardCount = postgame->discardCount[p];
        1:  104:    int preHandCount = pregame.handCount[p];
        1:  105:    int preDeckCount = pregame.deckCount[p];
        1:  106:    int preDiscardCount = pregame.discardCount[p];
        -:  107:
        -:  108://check the tallies
        1:  109:    if(!(postHandCount == preHandCount && postDeckCount == preDeckCount && postDiscardCount == preDiscardCount))
        1:  110:        deckHandCountFail++;
        -:  111:
        1:  112:}
        -:  113:
        -:  114:
        -:  115://random test harness
        -:  116:
        1:  117:int main(){
        -:  118:
        1:  119:    printf(" Testing Adventurer card\n====================\n");
        1:  120:    printf(" RANDOM TESTS\n==========================\n");
        -:  121:
        1:  122:    int iteration = 20000; 
        -:  123:    struct gameState game;
        1:  124:    srand(time(NULL));
        -:  125:
        1:  126:    int treasure[] = {copper, silver, gold};
        1:  127:    int minCards = 3;
        -:  128:    int numTreasure;
        -:  129:    int player;
        -:  130:
        -:  131:    //random initialization of game state
        -:  132:
    20001:  133:    for (int n = 0; n < iteration; n++){
526020000:  134:        for (int i = 0; i < sizeof(struct gameState); i++){
526000000:  135:            ((char*)&game)[i] = floor(Random() * 256);
        -:  136:        }
        -:  137:}
        -:  138:    //random values for each category
        1:  139:        player = floor(Random() * MAX_PLAYERS);
        1:  140:        game.deckCount[player] = floor(Random() * ((MAX_DECK - minCards) + 1) + minCards);
        1:  141:        numTreasure = floor(Random() * ((game.deckCount[player] - minCards) + 1) + minCards);
        -:  142:
        -:  143:       //randomly assign 3 treasure cards to the deck
      184:  144:        for(int i = 0; i < numTreasure; i++)
      183:  145:            game.deck[player][i] = treasure[rand() % 3];
        -:  146:        
        1:  147:        game.discardCount[player] = 0;
        1:  148:        game.handCount[player] = floor(Random() * ((MAX_HAND - minCards) + 1) + minCards);
        1:  149:        game.whoseTurn = player;
        -:  150:
        -:  151://call adventure card test function
        1:  152:        adventurerCardCheck(player, &game);
        -:  153:
        1:  154:int totalFailures = cardEffectFail + drawCardFail + deckHandCountFail + shuffleFail + treasureCountFail;
        -:  155:
        1:  156:    printf("\n RESULTS\n===============\n");
        1:  157:    printf("TESTS PASSED: %d\n", iteration - totalFailures);
        1:  158:    printf("TESTS FAILED: %d\n", totalFailures);
        -:  159:
        -:  160:    //function failed report
        1:  161:    if(totalFailures == 0){
    #####:  162:        printf("ALL RANDOM TESTS PASSED FOR Adventurer\n");
        -:  163:    }
        -:  164:    else{
        1:  165:        printf("Num times drawCard function calls failed: %d\n", drawCardFail);
        1:  166:        printf("Num times cardEffect function calls failed: %d\n", cardEffectFail);
        1:  167:        printf("shuffle failed: %d\n", shuffleFail);
        1:  168:        printf("Treasure count mismatch: %d\n", treasureCountFail);
        1:  169:        printf("Hand and deck count mismatch: %d\n", deckHandCountFail);
        -:  170:
        1:  171:        printf (" ADVENTURER RANDOM TESTS FAILED: %d\n", totalFailures);
        -:  172:    }
        -:  173:        
        -:  174:
        1:  175:        return 0;
        -:  176:}
        -:  177:
        -:  178:    
        -:  179:
