        -:    0:Source:dominion.c
        -:    0:Graph:dominion.gcno
        -:    0:Data:dominion.gcda
        -:    0:Runs:7
        -:    0:Programs:6
        -:    1:#include "dominion.h"
        -:    2:#include "dominion_helpers.h"
        -:    3:#include "rngs.h"
        -:    4:#include <stdio.h>
        -:    5:#include <math.h>
        -:    6:#include <stdlib.h>
        -:    7:
function compare called 636404 returned 100% blocks executed 100%
   636404:    8:int compare(const void* a, const void* b) {
   636404:    9:  if (*(int*)a > *(int*)b)
branch  0 taken 50% (fallthrough)
branch  1 taken 50%
   317922:   10:    return 1;
   318482:   11:  if (*(int*)a < *(int*)b)
branch  0 taken 42% (fallthrough)
branch  1 taken 58%
   133424:   12:    return -1;
   185058:   13:  return 0;
        -:   14:}
        -:   15:
function newGame called 0 returned 0% blocks executed 0%
    #####:   16:struct gameState* newGame() {
    #####:   17:  struct gameState* g = malloc(sizeof(struct gameState));
    #####:   18:  return g;
        -:   19:}
        -:   20:
function kingdomCards called 0 returned 0% blocks executed 0%
    #####:   21:int* kingdomCards(int k1, int k2, int k3, int k4, int k5, int k6, int k7,
        -:   22:		  int k8, int k9, int k10) {
    #####:   23:  int* k = malloc(10 * sizeof(int));
    #####:   24:  k[0] = k1;
    #####:   25:  k[1] = k2;
    #####:   26:  k[2] = k3;
    #####:   27:  k[3] = k4;
    #####:   28:  k[4] = k5;
    #####:   29:  k[5] = k6;
    #####:   30:  k[6] = k7;
    #####:   31:  k[7] = k8;
    #####:   32:  k[8] = k9;
    #####:   33:  k[9] = k10;
    #####:   34:  return k;
        -:   35:}
        -:   36:
function initializeGame called 0 returned 0% blocks executed 0%
    #####:   37:int initializeGame(int numPlayers, int kingdomCards[10], int randomSeed,
        -:   38:		   struct gameState *state) {
        -:   39:
        -:   40:  int i;
        -:   41:  int j;
        -:   42:  int it;			
        -:   43:  //set up random number generator
    #####:   44:  SelectStream(1);
call    0 never executed
    #####:   45:  PutSeed((long)randomSeed);
call    0 never executed
        -:   46:  
        -:   47:  //check number of players
    #####:   48:  if (numPlayers > MAX_PLAYERS || numPlayers < 2)
branch  0 never executed
branch  1 never executed
branch  2 never executed
branch  3 never executed
        -:   49:    {
    #####:   50:      return -1;
        -:   51:    }
        -:   52:
        -:   53:  //set number of players
    #####:   54:  state->numPlayers = numPlayers;
        -:   55:
        -:   56:  //check selected kingdom cards are different
    #####:   57:  for (i = 0; i < 10; i++)
branch  0 never executed
branch  1 never executed
        -:   58:    {
    #####:   59:      for (j = 0; j < 10; j++)
branch  0 never executed
branch  1 never executed
        -:   60:        {
    #####:   61:	  if (j != i && kingdomCards[j] == kingdomCards[i])
branch  0 never executed
branch  1 never executed
branch  2 never executed
branch  3 never executed
        -:   62:	    {
    #####:   63:	      return -1;
        -:   64:	    }
        -:   65:        }
        -:   66:    }
        -:   67:
        -:   68:
        -:   69:  //initialize supply
        -:   70:  ///////////////////////////////
        -:   71:
        -:   72:  //set number of Curse cards
    #####:   73:  if (numPlayers == 2)
branch  0 never executed
branch  1 never executed
        -:   74:    {
    #####:   75:      state->supplyCount[curse] = 10;
        -:   76:    }
    #####:   77:  else if (numPlayers == 3)
branch  0 never executed
branch  1 never executed
        -:   78:    {
    #####:   79:      state->supplyCount[curse] = 20;
        -:   80:    }
        -:   81:  else
        -:   82:    {
    #####:   83:      state->supplyCount[curse] = 30;
        -:   84:    }
        -:   85:
        -:   86:  //set number of Victory cards
    #####:   87:  if (numPlayers == 2)
branch  0 never executed
branch  1 never executed
        -:   88:    {
    #####:   89:      state->supplyCount[estate] = 8;
    #####:   90:      state->supplyCount[duchy] = 8;
    #####:   91:      state->supplyCount[province] = 8;
        -:   92:    }
        -:   93:  else
        -:   94:    {
    #####:   95:      state->supplyCount[estate] = 12;
    #####:   96:      state->supplyCount[duchy] = 12;
    #####:   97:      state->supplyCount[province] = 12;
        -:   98:    }
        -:   99:
        -:  100:  //set number of Treasure cards
    #####:  101:  state->supplyCount[copper] = 60 - (7 * numPlayers);
    #####:  102:  state->supplyCount[silver] = 40;
    #####:  103:  state->supplyCount[gold] = 30;
        -:  104:
        -:  105:  //set number of Kingdom cards
    #####:  106:  for (i = adventurer; i <= treasure_map; i++)       	//loop all cards
branch  0 never executed
branch  1 never executed
        -:  107:    {
    #####:  108:      for (j = 0; j < 10; j++)           		//loop chosen cards
branch  0 never executed
branch  1 never executed
        -:  109:	{
    #####:  110:	  if (kingdomCards[j] == i)
branch  0 never executed
branch  1 never executed
        -:  111:	    {
        -:  112:	      //check if card is a 'Victory' Kingdom card
    #####:  113:	      if (kingdomCards[j] == great_hall || kingdomCards[j] == gardens)
branch  0 never executed
branch  1 never executed
branch  2 never executed
branch  3 never executed
        -:  114:		{
    #####:  115:		  if (numPlayers == 2){ 
branch  0 never executed
branch  1 never executed
    #####:  116:		    state->supplyCount[i] = 8; 
        -:  117:		  }
    #####:  118:		  else{ state->supplyCount[i] = 12; }
        -:  119:		}
        -:  120:	      else
        -:  121:		{
    #####:  122:		  state->supplyCount[i] = 10;
        -:  123:		}
    #####:  124:	      break;
        -:  125:	    }
        -:  126:	  else    //card is not in the set choosen for the game
        -:  127:	    {
    #####:  128:	      state->supplyCount[i] = -1;
        -:  129:	    }
        -:  130:	}
        -:  131:
        -:  132:    }
        -:  133:
        -:  134:  ////////////////////////
        -:  135:  //supply intilization complete
        -:  136:
        -:  137:  //set player decks
    #####:  138:  for (i = 0; i < numPlayers; i++)
branch  0 never executed
branch  1 never executed
        -:  139:    {
    #####:  140:      state->deckCount[i] = 0;
    #####:  141:      for (j = 0; j < 3; j++)
branch  0 never executed
branch  1 never executed
        -:  142:	{
    #####:  143:	  state->deck[i][j] = estate;
    #####:  144:	  state->deckCount[i]++;
        -:  145:	}
    #####:  146:      for (j = 3; j < 10; j++)
branch  0 never executed
branch  1 never executed
        -:  147:	{
    #####:  148:	  state->deck[i][j] = copper;
    #####:  149:	  state->deckCount[i]++;		
        -:  150:	}
        -:  151:    }
        -:  152:
        -:  153:  //shuffle player decks
    #####:  154:  for (i = 0; i < numPlayers; i++)
branch  0 never executed
branch  1 never executed
        -:  155:    {
    #####:  156:      if ( shuffle(i, state) < 0 )
call    0 never executed
branch  1 never executed
branch  2 never executed
        -:  157:	{
    #####:  158:	  return -1;
        -:  159:	}
        -:  160:    }
        -:  161:
        -:  162:  //draw player hands
    #####:  163:  for (i = 0; i < numPlayers; i++)
branch  0 never executed
branch  1 never executed
        -:  164:    {  
        -:  165:      //initialize hand size to zero
    #####:  166:      state->handCount[i] = 0;
    #####:  167:      state->discardCount[i] = 0;
        -:  168:      //draw 5 cards
        -:  169:      // for (j = 0; j < 5; j++)
        -:  170:      //	{
        -:  171:      //	  drawCard(i, state);
        -:  172:      //	}
        -:  173:    }
        -:  174:  
        -:  175:  //set embargo tokens to 0 for all supply piles
    #####:  176:  for (i = 0; i <= treasure_map; i++)
branch  0 never executed
branch  1 never executed
        -:  177:    {
    #####:  178:      state->embargoTokens[i] = 0;
        -:  179:    }
        -:  180:
        -:  181:  //initialize first player's turn
    #####:  182:  state->outpostPlayed = 0;
    #####:  183:  state->phase = 0;
    #####:  184:  state->numActions = 1;
    #####:  185:  state->numBuys = 1;
    #####:  186:  state->playedCardCount = 0;
    #####:  187:  state->whoseTurn = 0;
    #####:  188:  state->handCount[state->whoseTurn] = 0;
        -:  189:  //int it; move to top
        -:  190:
        -:  191:  //Moved draw cards to here, only drawing at the start of a turn
    #####:  192:  for (it = 0; it < 5; it++){
branch  0 never executed
branch  1 never executed
    #####:  193:    drawCard(state->whoseTurn, state);
call    0 never executed
        -:  194:  }
        -:  195:
    #####:  196:  updateCoins(state->whoseTurn, state, 0);
call    0 never executed
        -:  197:
    #####:  198:  return 0;
        -:  199:}
        -:  200:
function shuffle called 803 returned 100% blocks executed 100%
      803:  201:int shuffle(int player, struct gameState *state) {
        -:  202: 
        -:  203:
        -:  204:  int newDeck[MAX_DECK];
      803:  205:  int newDeckPos = 0;
        -:  206:  int card;
        -:  207:  int i;
        -:  208:
      803:  209:  if (state->deckCount[player] < 1)
branch  0 taken 55% (fallthrough)
branch  1 taken 45%
      440:  210:    return -1;
      363:  211:  qsort ((void*)(state->deck[player]), state->deckCount[player], sizeof(int), compare); 
call    0 returned 100%
        -:  212:  /* SORT CARDS IN DECK TO ENSURE DETERMINISM! */
        -:  213:
    91780:  214:  while (state->deckCount[player] > 0) {
branch  0 taken 99%
branch  1 taken 1% (fallthrough)
    91054:  215:    card = floor(Random() * state->deckCount[player]);
call    0 returned 100%
    91054:  216:    newDeck[newDeckPos] = state->deck[player][card];
    91054:  217:    newDeckPos++;
  7826806:  218:    for (i = card; i < state->deckCount[player]-1; i++) {
branch  0 taken 99%
branch  1 taken 1% (fallthrough)
  7735752:  219:      state->deck[player][i] = state->deck[player][i+1];
        -:  220:    }
    91054:  221:    state->deckCount[player]--;
        -:  222:  }
    91417:  223:  for (i = 0; i < newDeckPos; i++) {
branch  0 taken 99%
branch  1 taken 1% (fallthrough)
    91054:  224:    state->deck[player][i] = newDeck[i];
    91054:  225:    state->deckCount[player]++;
        -:  226:  }
        -:  227:
      363:  228:  return 0;
        -:  229:}
        -:  230:
function playCard called 0 returned 0% blocks executed 0%
    #####:  231:int playCard(int handPos, int choice1, int choice2, int choice3, struct gameState *state) 
        -:  232:{	
        -:  233:  int card;
    #####:  234:  int coin_bonus = 0; 		//tracks coins gain from actions
        -:  235:
        -:  236:  //check if it is the right phase
    #####:  237:  if (state->phase != 0)
branch  0 never executed
branch  1 never executed
        -:  238:    {
    #####:  239:      return -1;
        -:  240:    }
        -:  241:	
        -:  242:  //check if player has enough actions
    #####:  243:  if ( state->numActions < 1 )
branch  0 never executed
branch  1 never executed
        -:  244:    {
    #####:  245:      return -1;
        -:  246:    }
        -:  247:	
        -:  248:  //get card played
    #####:  249:  card = handCard(handPos, state);
call    0 never executed
        -:  250:	
        -:  251:  //check if selected card is an action
    #####:  252:  if ( card < adventurer || card > treasure_map )
branch  0 never executed
branch  1 never executed
branch  2 never executed
branch  3 never executed
        -:  253:    {
    #####:  254:      return -1;
        -:  255:    }
        -:  256:	
        -:  257:  //play card
    #####:  258:  if ( cardEffect(card, choice1, choice2, choice3, state, handPos, &coin_bonus) < 0 )
call    0 never executed
branch  1 never executed
branch  2 never executed
        -:  259:    {
    #####:  260:      return -1;
        -:  261:    }
        -:  262:	
        -:  263:  //reduce number of actions
    #####:  264:  state->numActions--;
        -:  265:
        -:  266:  //update coins (Treasure cards may be added with card draws)
    #####:  267:  updateCoins(state->whoseTurn, state, coin_bonus);
call    0 never executed
        -:  268:	
    #####:  269:  return 0;
        -:  270:}
        -:  271:
function buyCard called 0 returned 0% blocks executed 0%
    #####:  272:int buyCard(int supplyPos, struct gameState *state) {
        -:  273:  int who;
        -:  274:  if (DEBUG){
        -:  275:    printf("Entering buyCard...\n");
        -:  276:  }
        -:  277:
        -:  278:  // I don't know what to do about the phase thing.
        -:  279:
    #####:  280:  who = state->whoseTurn;
        -:  281:
    #####:  282:  if (state->numBuys < 1){
branch  0 never executed
branch  1 never executed
        -:  283:    if (DEBUG)
        -:  284:      printf("You do not have any buys left\n");
    #####:  285:    return -1;
    #####:  286:  } else if (supplyCount(supplyPos, state) <1){
call    0 never executed
branch  1 never executed
branch  2 never executed
        -:  287:    if (DEBUG)
        -:  288:      printf("There are not any of that type of card left\n");
    #####:  289:    return -1;
    #####:  290:  } else if (state->coins < getCost(supplyPos)){
call    0 never executed
branch  1 never executed
branch  2 never executed
        -:  291:    if (DEBUG) 
        -:  292:      printf("You do not have enough money to buy that. You have %d coins.\n", state->coins);
    #####:  293:    return -1;
        -:  294:  } else {
    #####:  295:    state->phase=1;
        -:  296:    //state->supplyCount[supplyPos]--;
    #####:  297:    gainCard(supplyPos, state, 0, who); //card goes in discard, this might be wrong.. (2 means goes into hand, 0 goes into discard)
call    0 never executed
        -:  298:  
    #####:  299:    state->coins = (state->coins) - (getCost(supplyPos));
call    0 never executed
    #####:  300:    state->numBuys--;
        -:  301:    if (DEBUG)
        -:  302:      printf("You bought card number %d for %d coins. You now have %d buys and %d coins.\n", supplyPos, getCost(supplyPos), state->numBuys, state->coins);
        -:  303:  }
        -:  304:
        -:  305:  //state->discard[who][state->discardCount[who]] = supplyPos;
        -:  306:  //state->discardCount[who]++;
        -:  307:    
    #####:  308:  return 0;
        -:  309:}
        -:  310:
function numHandCards called 0 returned 0% blocks executed 0%
    #####:  311:int numHandCards(struct gameState *state) {
    #####:  312:  return state->handCount[ whoseTurn(state) ];
call    0 never executed
        -:  313:}
        -:  314:
function handCard called 0 returned 0% blocks executed 0%
    #####:  315:int handCard(int handPos, struct gameState *state) {
    #####:  316:  int currentPlayer = whoseTurn(state);
call    0 never executed
    #####:  317:  return state->hand[currentPlayer][handPos];
        -:  318:}
        -:  319:
function supplyCount called 0 returned 0% blocks executed 0%
    #####:  320:int supplyCount(int card, struct gameState *state) {
    #####:  321:  return state->supplyCount[card];
        -:  322:}
        -:  323:
function fullDeckCount called 0 returned 0% blocks executed 0%
    #####:  324:int fullDeckCount(int player, int card, struct gameState *state) {
        -:  325:  int i;
    #####:  326:  int count = 0;
        -:  327:
    #####:  328:  for (i = 0; i < state->deckCount[player]; i++)
branch  0 never executed
branch  1 never executed
        -:  329:    {
    #####:  330:      if (state->deck[player][i] == card) count++;
branch  0 never executed
branch  1 never executed
        -:  331:    }
        -:  332:
    #####:  333:  for (i = 0; i < state->handCount[player]; i++)
branch  0 never executed
branch  1 never executed
        -:  334:    {
    #####:  335:      if (state->hand[player][i] == card) count++;
branch  0 never executed
branch  1 never executed
        -:  336:    }
        -:  337:
    #####:  338:  for (i = 0; i < state->discardCount[player]; i++)
branch  0 never executed
branch  1 never executed
        -:  339:    {
    #####:  340:      if (state->discard[player][i] == card) count++;
branch  0 never executed
branch  1 never executed
        -:  341:    }
        -:  342:
    #####:  343:  return count;
        -:  344:}
        -:  345:
function whoseTurn called 14000 returned 100% blocks executed 100%
    14000:  346:int whoseTurn(struct gameState *state) {
    14000:  347:  return state->whoseTurn;
        -:  348:}
        -:  349:
function endTurn called 0 returned 0% blocks executed 0%
    #####:  350:int endTurn(struct gameState *state) {
        -:  351:  int k;
        -:  352:  int i;
    #####:  353:  int currentPlayer = whoseTurn(state);
call    0 never executed
        -:  354:  
        -:  355:  //Discard hand
    #####:  356:  for (i = 0; i < state->handCount[currentPlayer]; i++){
branch  0 never executed
branch  1 never executed
    #####:  357:    state->discard[currentPlayer][state->discardCount[currentPlayer]++] = state->hand[currentPlayer][i];//Discard
    #####:  358:    state->hand[currentPlayer][i] = -1;//Set card to -1
        -:  359:  }
    #####:  360:  state->handCount[currentPlayer] = 0;//Reset hand count
        -:  361:    
        -:  362:  //Code for determining the player
    #####:  363:  if (currentPlayer < (state->numPlayers - 1)){ 
branch  0 never executed
branch  1 never executed
    #####:  364:    state->whoseTurn = currentPlayer + 1;//Still safe to increment
        -:  365:  }
        -:  366:  else{
    #####:  367:    state->whoseTurn = 0;//Max player has been reached, loop back around to player 1
        -:  368:  }
        -:  369:
    #####:  370:  state->outpostPlayed = 0;
    #####:  371:  state->phase = 0;
    #####:  372:  state->numActions = 1;
    #####:  373:  state->coins = 0;
    #####:  374:  state->numBuys = 1;
    #####:  375:  state->playedCardCount = 0;
    #####:  376:  state->handCount[state->whoseTurn] = 0;
        -:  377:
        -:  378:  //int k; move to top
        -:  379:  //Next player draws hand
    #####:  380:  for (k = 0; k < 5; k++){
branch  0 never executed
branch  1 never executed
    #####:  381:    drawCard(state->whoseTurn, state);//Draw a card
call    0 never executed
        -:  382:  }
        -:  383:
        -:  384:  //Update money
    #####:  385:  updateCoins(state->whoseTurn, state , 0);
call    0 never executed
        -:  386:
    #####:  387:  return 0;
        -:  388:}
        -:  389:
function isGameOver called 0 returned 0% blocks executed 0%
    #####:  390:int isGameOver(struct gameState *state) {
        -:  391:  int i;
        -:  392:  int j;
        -:  393:	
        -:  394:  //if stack of Province cards is empty, the game ends
    #####:  395:  if (state->supplyCount[province] == 0)
branch  0 never executed
branch  1 never executed
        -:  396:    {
    #####:  397:      return 1;
        -:  398:    }
        -:  399:
        -:  400:  //if three supply pile are at 0, the game ends
    #####:  401:  j = 0;
    #####:  402:  for (i = 0; i < 25; i++)
branch  0 never executed
branch  1 never executed
        -:  403:    {
    #####:  404:      if (state->supplyCount[i] == 0)
branch  0 never executed
branch  1 never executed
        -:  405:	{
    #####:  406:	  j++;
        -:  407:	}
        -:  408:    }
    #####:  409:  if ( j >= 3)
branch  0 never executed
branch  1 never executed
        -:  410:    {
    #####:  411:      return 1;
        -:  412:    }
        -:  413:
    #####:  414:  return 0;
        -:  415:}
        -:  416:
function scoreFor called 0 returned 0% blocks executed 0%
    #####:  417:int scoreFor (int player, struct gameState *state) {
        -:  418:
        -:  419:  int i;
    #####:  420:  int score = 0;
        -:  421:  //score from hand
    #####:  422:  for (i = 0; i < state->handCount[player]; i++)
branch  0 never executed
branch  1 never executed
        -:  423:    {
    #####:  424:      if (state->hand[player][i] == curse) { score = score - 1; };
branch  0 never executed
branch  1 never executed
    #####:  425:      if (state->hand[player][i] == estate) { score = score + 1; };
branch  0 never executed
branch  1 never executed
    #####:  426:      if (state->hand[player][i] == duchy) { score = score + 3; };
branch  0 never executed
branch  1 never executed
    #####:  427:      if (state->hand[player][i] == province) { score = score + 6; };
branch  0 never executed
branch  1 never executed
    #####:  428:      if (state->hand[player][i] == great_hall) { score = score + 1; };
branch  0 never executed
branch  1 never executed
    #####:  429:      if (state->hand[player][i] == gardens) { score = score + ( fullDeckCount(player, 0, state) / 10 ); };
branch  0 never executed
branch  1 never executed
call    2 never executed
        -:  430:    }
        -:  431:
        -:  432:  //score from discard
    #####:  433:  for (i = 0; i < state->discardCount[player]; i++)
branch  0 never executed
branch  1 never executed
        -:  434:    {
    #####:  435:      if (state->discard[player][i] == curse) { score = score - 1; };
branch  0 never executed
branch  1 never executed
    #####:  436:      if (state->discard[player][i] == estate) { score = score + 1; };
branch  0 never executed
branch  1 never executed
    #####:  437:      if (state->discard[player][i] == duchy) { score = score + 3; };
branch  0 never executed
branch  1 never executed
    #####:  438:      if (state->discard[player][i] == province) { score = score + 6; };
branch  0 never executed
branch  1 never executed
    #####:  439:      if (state->discard[player][i] == great_hall) { score = score + 1; };
branch  0 never executed
branch  1 never executed
    #####:  440:      if (state->discard[player][i] == gardens) { score = score + ( fullDeckCount(player, 0, state) / 10 ); };
branch  0 never executed
branch  1 never executed
call    2 never executed
        -:  441:    }
        -:  442:
        -:  443:  //score from deck
    #####:  444:  for (i = 0; i < state->discardCount[player]; i++)
branch  0 never executed
branch  1 never executed
        -:  445:    {
    #####:  446:      if (state->deck[player][i] == curse) { score = score - 1; };
branch  0 never executed
branch  1 never executed
    #####:  447:      if (state->deck[player][i] == estate) { score = score + 1; };
branch  0 never executed
branch  1 never executed
    #####:  448:      if (state->deck[player][i] == duchy) { score = score + 3; };
branch  0 never executed
branch  1 never executed
    #####:  449:      if (state->deck[player][i] == province) { score = score + 6; };
branch  0 never executed
branch  1 never executed
    #####:  450:      if (state->deck[player][i] == great_hall) { score = score + 1; };
branch  0 never executed
branch  1 never executed
    #####:  451:      if (state->deck[player][i] == gardens) { score = score + ( fullDeckCount(player, 0, state) / 10 ); };
branch  0 never executed
branch  1 never executed
call    2 never executed
        -:  452:    }
        -:  453:
    #####:  454:  return score;
        -:  455:}
        -:  456:
function getWinners called 0 returned 0% blocks executed 0%
    #####:  457:int getWinners(int players[MAX_PLAYERS], struct gameState *state) {
        -:  458:  int i;	
        -:  459:  int j;
        -:  460:  int highScore;
        -:  461:  int currentPlayer;
        -:  462:
        -:  463:  //get score for each player
    #####:  464:  for (i = 0; i < MAX_PLAYERS; i++)
branch  0 never executed
branch  1 never executed
        -:  465:    {
        -:  466:      //set unused player scores to -9999
    #####:  467:      if (i >= state->numPlayers)
branch  0 never executed
branch  1 never executed
        -:  468:	{
    #####:  469:	  players[i] = -9999;
        -:  470:	}
        -:  471:      else
        -:  472:	{
    #####:  473:	  players[i] = scoreFor (i, state);
call    0 never executed
        -:  474:	}
        -:  475:    }
        -:  476:
        -:  477:  //find highest score
    #####:  478:  j = 0;
    #####:  479:  for (i = 0; i < MAX_PLAYERS; i++)
branch  0 never executed
branch  1 never executed
        -:  480:    {
    #####:  481:      if (players[i] > players[j])
branch  0 never executed
branch  1 never executed
        -:  482:	{
    #####:  483:	  j = i;
        -:  484:	}
        -:  485:    }
    #####:  486:  highScore = players[j];
        -:  487:
        -:  488:  //add 1 to players who had less turns
    #####:  489:  currentPlayer = whoseTurn(state);
call    0 never executed
    #####:  490:  for (i = 0; i < MAX_PLAYERS; i++)
branch  0 never executed
branch  1 never executed
        -:  491:    {
    #####:  492:      if ( players[i] == highScore && i > currentPlayer )
branch  0 never executed
branch  1 never executed
branch  2 never executed
branch  3 never executed
        -:  493:	{
    #####:  494:	  players[i]++;
        -:  495:	}
        -:  496:    }
        -:  497:
        -:  498:  //find new highest score
    #####:  499:  j = 0;
    #####:  500:  for (i = 0; i < MAX_PLAYERS; i++)
branch  0 never executed
branch  1 never executed
        -:  501:    {
    #####:  502:      if ( players[i] > players[j] )
branch  0 never executed
branch  1 never executed
        -:  503:	{
    #####:  504:	  j = i;
        -:  505:	}
        -:  506:    }
    #####:  507:  highScore = players[j];
        -:  508:
        -:  509:  //set winners in array to 1 and rest to 0
    #####:  510:  for (i = 0; i < MAX_PLAYERS; i++)
branch  0 never executed
branch  1 never executed
        -:  511:    {
    #####:  512:      if ( players[i] == highScore )
branch  0 never executed
branch  1 never executed
        -:  513:	{
    #####:  514:	  players[i] = 1;
        -:  515:	}
        -:  516:      else
        -:  517:	{
    #####:  518:	  players[i] = 0;
        -:  519:	}
        -:  520:    }
        -:  521:
    #####:  522:  return 0;
        -:  523:}
        -:  524:
function drawCard called 157893 returned 100% blocks executed 100%
   157893:  525:int drawCard(int player, struct gameState *state)
        -:  526:{	int count;
        -:  527:  int deckCounter;
   157893:  528:  if (state->deckCount[player] <= 0){//Deck is empty
branch  0 taken 1% (fallthrough)
branch  1 taken 99%
        -:  529:    
        -:  530:    //Step 1 Shuffle the discard pile back into a deck
        -:  531:    int i;
        -:  532:    //Move discard to deck
    91481:  533:    for (i = 0; i < state->discardCount[player];i++){
branch  0 taken 99%
branch  1 taken 1% (fallthrough)
    91054:  534:      state->deck[player][i] = state->discard[player][i];
    91054:  535:      state->discard[player][i] = -1;
        -:  536:    }
        -:  537:
      427:  538:    state->deckCount[player] = state->discardCount[player];
      427:  539:    state->discardCount[player] = 0;//Reset discard
        -:  540:
        -:  541:    //Shufffle the deck
      427:  542:    shuffle(player, state);//Shuffle the deck up and make it so that we can draw
call    0 returned 100%
        -:  543:   
        -:  544:    if (DEBUG){//Debug statements
        -:  545:      printf("Deck count now: %d\n", state->deckCount[player]);
        -:  546:    }
        -:  547:    
      427:  548:    state->discardCount[player] = 0;
        -:  549:
        -:  550:    //Step 2 Draw Card
      427:  551:    count = state->handCount[player];//Get current player's hand count
        -:  552:    
        -:  553:    if (DEBUG){//Debug statements
        -:  554:      printf("Current hand count: %d\n", count);
        -:  555:    }
        -:  556:    
      427:  557:    deckCounter = state->deckCount[player];//Create a holder for the deck count
        -:  558:
      427:  559:    if (deckCounter == 0)
branch  0 taken 15% (fallthrough)
branch  1 taken 85%
       64:  560:      return -1;
        -:  561:
      363:  562:    state->hand[player][count] = state->deck[player][deckCounter - 1];//Add card to hand
      363:  563:    state->deckCount[player]--;
      363:  564:    state->handCount[player]++;//Increment hand count
        -:  565:  }
        -:  566:
        -:  567:  else{
   157466:  568:    int count = state->handCount[player];//Get current hand count for player
        -:  569:    int deckCounter;
        -:  570:    if (DEBUG){//Debug statements
        -:  571:      printf("Current hand count: %d\n", count);
        -:  572:    }
        -:  573:
   157466:  574:    deckCounter = state->deckCount[player];//Create holder for the deck count
   157466:  575:    state->hand[player][count] = state->deck[player][deckCounter - 1];//Add card to the hand
   157466:  576:    state->deckCount[player]--;
   157466:  577:    state->handCount[player]++;//Increment hand count
        -:  578:  }
        -:  579:
   157829:  580:  return 0;
        -:  581:}
        -:  582:
function getCost called 0 returned 0% blocks executed 0%
    #####:  583:int getCost(int cardNumber)
        -:  584:{
    #####:  585:  switch( cardNumber ) 
branch  0 never executed
branch  1 never executed
branch  2 never executed
branch  3 never executed
branch  4 never executed
branch  5 never executed
branch  6 never executed
branch  7 never executed
branch  8 never executed
branch  9 never executed
branch 10 never executed
branch 11 never executed
branch 12 never executed
branch 13 never executed
branch 14 never executed
branch 15 never executed
branch 16 never executed
branch 17 never executed
branch 18 never executed
branch 19 never executed
branch 20 never executed
branch 21 never executed
branch 22 never executed
branch 23 never executed
branch 24 never executed
branch 25 never executed
branch 26 never executed
branch 27 never executed
        -:  586:    {
        -:  587:    case curse:
    #####:  588:      return 0;
        -:  589:    case estate:
    #####:  590:      return 2;
        -:  591:    case duchy:
    #####:  592:      return 5;
        -:  593:    case province:
    #####:  594:      return 8;
        -:  595:    case copper:
    #####:  596:      return 0;
        -:  597:    case silver:
    #####:  598:      return 3;
        -:  599:    case gold:
    #####:  600:      return 6;
        -:  601:    case adventurer:
    #####:  602:      return 6;
        -:  603:    case council_room:
    #####:  604:      return 5;
        -:  605:    case feast:
    #####:  606:      return 4;
        -:  607:    case gardens:
    #####:  608:      return 4;
        -:  609:    case mine:
    #####:  610:      return 5;
        -:  611:    case remodel:
    #####:  612:      return 4;
        -:  613:    case smithy:
    #####:  614:      return 4;
        -:  615:    case village:
    #####:  616:      return 3;
        -:  617:    case baron:
    #####:  618:      return 4;
        -:  619:    case great_hall:
    #####:  620:      return 3;
        -:  621:    case minion:
    #####:  622:      return 5;
        -:  623:    case steward:
    #####:  624:      return 3;
        -:  625:    case tribute:
    #####:  626:      return 5;
        -:  627:    case ambassador:
    #####:  628:      return 3;
        -:  629:    case cutpurse:
    #####:  630:      return 4;
        -:  631:    case embargo: 
    #####:  632:      return 2;
        -:  633:    case outpost:
    #####:  634:      return 5;
        -:  635:    case salvager:
    #####:  636:      return 4;
        -:  637:    case sea_hag:
    #####:  638:      return 4;
        -:  639:    case treasure_map:
    #####:  640:      return 4;
        -:  641:    }
        -:  642:	
    #####:  643:  return -1;
        -:  644:}
        -:  645:
function cardEffect called 14000 returned 100% blocks executed 4%
    14000:  646:int cardEffect(int card, int choice1, int choice2, int choice3, struct gameState *state, int handPos, int *bonus)
        -:  647:{
        -:  648:  int i;
        -:  649:  int j;
        -:  650:  int k;
        -:  651:  int x;
        -:  652:  int index;
    14000:  653:  int currentPlayer = whoseTurn(state);
call    0 returned 100%
    14000:  654:  int nextPlayer = currentPlayer + 1;
        -:  655:
    14000:  656:  int tributeRevealedCards[2] = {-1, -1};
        -:  657:  int temphand[MAX_HAND];// moved above the if statement
    14000:  658:  int drawntreasure=0;
        -:  659:  int cardDrawn;
    14000:  660:  int z = 0;// this is the counter for the temp hand
    14000:  661:  if (nextPlayer > (state->numPlayers - 1)){
branch  0 taken 36% (fallthrough)
branch  1 taken 64%
     5086:  662:    nextPlayer = 0;
        -:  663:  }
        -:  664:  
        -:  665:	
        -:  666:  //uses switch to select card and perform actions
    14000:  667:  switch( card ) 
branch  0 taken 43%
branch  1 taken 29%
branch  2 taken 0%
branch  3 taken 0%
branch  4 taken 0%
branch  5 taken 0%
branch  6 taken 29%
branch  7 taken 0%
branch  8 taken 0%
branch  9 taken 0%
branch 10 taken 0%
branch 11 taken 0%
branch 12 taken 0%
branch 13 taken 0%
branch 14 taken 0%
branch 15 taken 0%
branch 16 taken 0%
branch 17 taken 0%
branch 18 taken 0%
branch 19 taken 0%
branch 20 taken 0%
        -:  668:    {
        -:  669:    case adventurer:
     6000:  670:        return playAdventurer(drawntreasure, state, temphand, currentPlayer);
call    0 returned 100%
        -:  671:			
        -:  672:    case council_room:
     4000:  673:        return playCouncil_room(currentPlayer, state, handPos);
call    0 returned 100%
        -:  674:			
        -:  675:    case feast:
    #####:  676:        return playFeast(currentPlayer, state, temphand, choice1);
call    0 never executed
        -:  677:			
        -:  678:    case gardens:
    #####:  679:      return -1;
        -:  680:			
        -:  681:    case mine:
    #####:  682:      return playMine(currentPlayer, state, handPos, choice1, choice2);
call    0 never executed
        -:  683:			
        -:  684:    case remodel:
    #####:  685:      j = state->hand[currentPlayer][choice1];  //store card we will trash
        -:  686:
    #####:  687:      if ( (getCost(state->hand[currentPlayer][choice1]) + 2) > getCost(choice2) )
call    0 never executed
call    1 never executed
branch  2 never executed
branch  3 never executed
        -:  688:	{
    #####:  689:	  return -1;
        -:  690:	}
        -:  691:
    #####:  692:      gainCard(choice2, state, 0, currentPlayer);
call    0 never executed
        -:  693:
        -:  694:      //discard card from hand
    #####:  695:      discardCard(handPos, currentPlayer, state, 0);
call    0 never executed
        -:  696:
        -:  697:      //discard trashed card
    #####:  698:      for (i = 0; i < state->handCount[currentPlayer]; i++)
branch  0 never executed
branch  1 never executed
        -:  699:	{
    #####:  700:	  if (state->hand[currentPlayer][i] == j)
branch  0 never executed
branch  1 never executed
        -:  701:	    {
    #####:  702:	      discardCard(i, currentPlayer, state, 0);			
call    0 never executed
    #####:  703:	      break;
        -:  704:	    }
        -:  705:	}
        -:  706:
        -:  707:
    #####:  708:      return 0;
        -:  709:		
        -:  710:    case smithy:
     4000:  711:      return playSmithy(currentPlayer, state, handPos);
call    0 returned 100%
        -:  712:		
        -:  713:    case village:
        -:  714:      //+1 Card
    #####:  715:      drawCard(currentPlayer, state);
call    0 never executed
        -:  716:			
        -:  717:      //+2 Actions
    #####:  718:      state->numActions = state->numActions + 2;
        -:  719:			
        -:  720:      //discard played card from hand
    #####:  721:      discardCard(handPos, currentPlayer, state, 0);
call    0 never executed
    #####:  722:      return 0;
        -:  723:		
        -:  724:    case baron:
    #####:  725:      state->numBuys++;//Increase buys by 1!
    #####:  726:      if (choice1 > 0){//Boolean true or going to discard an estate
branch  0 never executed
branch  1 never executed
    #####:  727:	int p = 0;//Iterator for hand!
    #####:  728:	int card_not_discarded = 1;//Flag for discard set!
    #####:  729:	while(card_not_discarded){
branch  0 never executed
branch  1 never executed
    #####:  730:	  if (state->hand[currentPlayer][p] == estate){//Found an estate card!
branch  0 never executed
branch  1 never executed
    #####:  731:	    state->coins += 4;//Add 4 coins to the amount of coins
    #####:  732:	    state->discard[currentPlayer][state->discardCount[currentPlayer]] = state->hand[currentPlayer][p];
    #####:  733:	    state->discardCount[currentPlayer]++;
    #####:  734:	    for (;p < state->handCount[currentPlayer]; p++){
branch  0 never executed
branch  1 never executed
    #####:  735:	      state->hand[currentPlayer][p] = state->hand[currentPlayer][p+1];
        -:  736:	    }
    #####:  737:	    state->hand[currentPlayer][state->handCount[currentPlayer]] = -1;
    #####:  738:	    state->handCount[currentPlayer]--;
    #####:  739:	    card_not_discarded = 0;//Exit the loop
        -:  740:	  }
    #####:  741:	  else if (p > state->handCount[currentPlayer]){
branch  0 never executed
branch  1 never executed
        -:  742:	    if(DEBUG) {
        -:  743:	      printf("No estate cards in your hand, invalid choice\n");
        -:  744:	      printf("Must gain an estate if there are any\n");
        -:  745:	    }
    #####:  746:	    if (supplyCount(estate, state) > 0){
call    0 never executed
branch  1 never executed
branch  2 never executed
    #####:  747:	      gainCard(estate, state, 0, currentPlayer);
call    0 never executed
    #####:  748:	      state->supplyCount[estate]--;//Decrement estates
    #####:  749:	      if (supplyCount(estate, state) == 0){
call    0 never executed
branch  1 never executed
branch  2 never executed
    #####:  750:		isGameOver(state);
call    0 never executed
        -:  751:	      }
        -:  752:	    }
    #####:  753:	    card_not_discarded = 0;//Exit the loop
        -:  754:	  }
        -:  755:			    
        -:  756:	  else{
    #####:  757:	    p++;//Next card
        -:  758:	  }
        -:  759:	}
        -:  760:      }
        -:  761:			    
        -:  762:      else{
    #####:  763:	if (supplyCount(estate, state) > 0){
call    0 never executed
branch  1 never executed
branch  2 never executed
    #####:  764:	  gainCard(estate, state, 0, currentPlayer);//Gain an estate
call    0 never executed
    #####:  765:	  state->supplyCount[estate]--;//Decrement Estates
    #####:  766:	  if (supplyCount(estate, state) == 0){
call    0 never executed
branch  1 never executed
branch  2 never executed
    #####:  767:	    isGameOver(state);
call    0 never executed
        -:  768:	  }
        -:  769:	}
        -:  770:      }
        -:  771:	    
        -:  772:      
    #####:  773:      return 0;
        -:  774:		
        -:  775:    case great_hall:
        -:  776:      //+1 Card
    #####:  777:      drawCard(currentPlayer, state);
call    0 never executed
        -:  778:			
        -:  779:      //+1 Actions
    #####:  780:      state->numActions++;
        -:  781:			
        -:  782:      //discard card from hand
    #####:  783:      discardCard(handPos, currentPlayer, state, 0);
call    0 never executed
    #####:  784:      return 0;
        -:  785:		
        -:  786:    case minion:
        -:  787:      //+1 action
    #####:  788:      state->numActions++;
        -:  789:			
        -:  790:      //discard card from hand
    #####:  791:      discardCard(handPos, currentPlayer, state, 0);
call    0 never executed
        -:  792:			
    #####:  793:      if (choice1)		//+2 coins
branch  0 never executed
branch  1 never executed
        -:  794:	{
    #####:  795:	  state->coins = state->coins + 2;
        -:  796:	}
        -:  797:			
    #####:  798:      else if (choice2)		//discard hand, redraw 4, other players with 5+ cards discard hand and draw 4
branch  0 never executed
branch  1 never executed
        -:  799:	{
        -:  800:	  //discard hand
    #####:  801:	  while(numHandCards(state) > 0)
call    0 never executed
branch  1 never executed
branch  2 never executed
        -:  802:	    {
    #####:  803:	      discardCard(handPos, currentPlayer, state, 0);
call    0 never executed
        -:  804:	    }
        -:  805:				
        -:  806:	  //draw 4
    #####:  807:	  for (i = 0; i < 4; i++)
branch  0 never executed
branch  1 never executed
        -:  808:	    {
    #####:  809:	      drawCard(currentPlayer, state);
call    0 never executed
        -:  810:	    }
        -:  811:				
        -:  812:	  //other players discard hand and redraw if hand size > 4
    #####:  813:	  for (i = 0; i < state->numPlayers; i++)
branch  0 never executed
branch  1 never executed
        -:  814:	    {
    #####:  815:	      if (i != currentPlayer)
branch  0 never executed
branch  1 never executed
        -:  816:		{
    #####:  817:		  if ( state->handCount[i] > 4 )
branch  0 never executed
branch  1 never executed
        -:  818:		    {
        -:  819:		      //discard hand
    #####:  820:		      while( state->handCount[i] > 0 )
branch  0 never executed
branch  1 never executed
        -:  821:			{
    #####:  822:			  discardCard(handPos, i, state, 0);
call    0 never executed
        -:  823:			}
        -:  824:							
        -:  825:		      //draw 4
    #####:  826:		      for (j = 0; j < 4; j++)
branch  0 never executed
branch  1 never executed
        -:  827:			{
    #####:  828:			  drawCard(i, state);
call    0 never executed
        -:  829:			}
        -:  830:		    }
        -:  831:		}
        -:  832:	    }
        -:  833:				
        -:  834:	}
    #####:  835:      return 0;
        -:  836:		
        -:  837:    case steward:
    #####:  838:      if (choice1 == 1)
branch  0 never executed
branch  1 never executed
        -:  839:	{
        -:  840:	  //+2 cards
    #####:  841:	  drawCard(currentPlayer, state);
call    0 never executed
    #####:  842:	  drawCard(currentPlayer, state);
call    0 never executed
        -:  843:	}
    #####:  844:      else if (choice1 == 2)
branch  0 never executed
branch  1 never executed
        -:  845:	{
        -:  846:	  //+2 coins
    #####:  847:	  state->coins = state->coins + 2;
        -:  848:	}
        -:  849:      else
        -:  850:	{
        -:  851:	  //trash 2 cards in hand
    #####:  852:	  discardCard(choice2, currentPlayer, state, 1);
call    0 never executed
    #####:  853:	  discardCard(choice3, currentPlayer, state, 1);
call    0 never executed
        -:  854:	}
        -:  855:			
        -:  856:      //discard card from hand
    #####:  857:      discardCard(handPos, currentPlayer, state, 0);
call    0 never executed
    #####:  858:      return 0;
        -:  859:		
        -:  860:    case tribute:
    #####:  861:      if ((state->discardCount[nextPlayer] + state->deckCount[nextPlayer]) <= 1){
branch  0 never executed
branch  1 never executed
    #####:  862:	if (state->deckCount[nextPlayer] > 0){
branch  0 never executed
branch  1 never executed
    #####:  863:	  tributeRevealedCards[0] = state->deck[nextPlayer][state->deckCount[nextPlayer]-1];
    #####:  864:	  state->deckCount[nextPlayer]--;
        -:  865:	}
    #####:  866:	else if (state->discardCount[nextPlayer] > 0){
branch  0 never executed
branch  1 never executed
    #####:  867:	  tributeRevealedCards[0] = state->discard[nextPlayer][state->discardCount[nextPlayer]-1];
    #####:  868:	  state->discardCount[nextPlayer]--;
        -:  869:	}
        -:  870:	else{
        -:  871:	  //No Card to Reveal
        -:  872:	  if (DEBUG){
        -:  873:	    printf("No cards to reveal\n");
        -:  874:	  }
        -:  875:	}
        -:  876:      }
        -:  877:	    
        -:  878:      else{
    #####:  879:	if (state->deckCount[nextPlayer] == 0){
branch  0 never executed
branch  1 never executed
    #####:  880:	  for (i = 0; i < state->discardCount[nextPlayer]; i++){
branch  0 never executed
branch  1 never executed
    #####:  881:	    state->deck[nextPlayer][i] = state->discard[nextPlayer][i];//Move to deck
    #####:  882:	    state->deckCount[nextPlayer]++;
    #####:  883:	    state->discard[nextPlayer][i] = -1;
    #####:  884:	    state->discardCount[nextPlayer]--;
        -:  885:	  }
        -:  886:			    
    #####:  887:	  shuffle(nextPlayer,state);//Shuffle the deck
call    0 never executed
        -:  888:	} 
    #####:  889:	tributeRevealedCards[0] = state->deck[nextPlayer][state->deckCount[nextPlayer]-1];
    #####:  890:	state->deck[nextPlayer][state->deckCount[nextPlayer]--] = -1;
    #####:  891:	state->deckCount[nextPlayer]--;
    #####:  892:	tributeRevealedCards[1] = state->deck[nextPlayer][state->deckCount[nextPlayer]-1];
    #####:  893:	state->deck[nextPlayer][state->deckCount[nextPlayer]--] = -1;
    #####:  894:	state->deckCount[nextPlayer]--;
        -:  895:      }    
        -:  896:		       
    #####:  897:      if (tributeRevealedCards[0] == tributeRevealedCards[1]){//If we have a duplicate card, just drop one 
branch  0 never executed
branch  1 never executed
    #####:  898:	state->playedCards[state->playedCardCount] = tributeRevealedCards[1];
    #####:  899:	state->playedCardCount++;
    #####:  900:	tributeRevealedCards[1] = -1;
        -:  901:      }
        -:  902:
    #####:  903:      for (i = 0; i <= 2; i ++){
branch  0 never executed
branch  1 never executed
    #####:  904:	if (tributeRevealedCards[i] == copper || tributeRevealedCards[i] == silver || tributeRevealedCards[i] == gold){//Treasure cards
branch  0 never executed
branch  1 never executed
branch  2 never executed
branch  3 never executed
branch  4 never executed
branch  5 never executed
    #####:  905:	  state->coins += 2;
        -:  906:	}
        -:  907:		    
    #####:  908:	else if (tributeRevealedCards[i] == estate || tributeRevealedCards[i] == duchy || tributeRevealedCards[i] == province || tributeRevealedCards[i] == gardens || tributeRevealedCards[i] == great_hall){//Victory Card Found
branch  0 never executed
branch  1 never executed
branch  2 never executed
branch  3 never executed
branch  4 never executed
branch  5 never executed
branch  6 never executed
branch  7 never executed
branch  8 never executed
branch  9 never executed
    #####:  909:	  drawCard(currentPlayer, state);
call    0 never executed
    #####:  910:	  drawCard(currentPlayer, state);
call    0 never executed
        -:  911:	}
        -:  912:	else{//Action Card
    #####:  913:	  state->numActions = state->numActions + 2;
        -:  914:	}
        -:  915:      }
        -:  916:	    
    #####:  917:      return 0;
        -:  918:		
        -:  919:    case ambassador:
    #####:  920:      j = 0;		//used to check if player has enough cards to discard
        -:  921:
    #####:  922:      if (choice2 > 2 || choice2 < 0)
branch  0 never executed
branch  1 never executed
branch  2 never executed
branch  3 never executed
        -:  923:	{
    #####:  924:	  return -1;				
        -:  925:	}
        -:  926:
    #####:  927:      if (choice1 == handPos)
branch  0 never executed
branch  1 never executed
        -:  928:	{
    #####:  929:	  return -1;
        -:  930:	}
        -:  931:
    #####:  932:      for (i = 0; i < state->handCount[currentPlayer]; i++)
branch  0 never executed
branch  1 never executed
        -:  933:	{
    #####:  934:	  if (i != handPos && i == state->hand[currentPlayer][choice1] && i != choice1)
branch  0 never executed
branch  1 never executed
branch  2 never executed
branch  3 never executed
branch  4 never executed
branch  5 never executed
        -:  935:	    {
    #####:  936:	      j++;
        -:  937:	    }
        -:  938:	}
    #####:  939:      if (j < choice2)
branch  0 never executed
branch  1 never executed
        -:  940:	{
    #####:  941:	  return -1;				
        -:  942:	}
        -:  943:
        -:  944:      if (DEBUG) 
        -:  945:	printf("Player %d reveals card number: %d\n", currentPlayer, state->hand[currentPlayer][choice1]);
        -:  946:
        -:  947:      //increase supply count for choosen card by amount being discarded
    #####:  948:      state->supplyCount[state->hand[currentPlayer][choice1]] += choice2;
        -:  949:			
        -:  950:      //each other player gains a copy of revealed card
    #####:  951:      for (i = 0; i < state->numPlayers; i++)
branch  0 never executed
branch  1 never executed
        -:  952:	{
    #####:  953:	  if (i != currentPlayer)
branch  0 never executed
branch  1 never executed
        -:  954:	    {
    #####:  955:	      gainCard(state->hand[currentPlayer][choice1], state, 0, i);
call    0 never executed
        -:  956:	    }
        -:  957:	}
        -:  958:
        -:  959:      //discard played card from hand
    #####:  960:      discardCard(handPos, currentPlayer, state, 0);			
call    0 never executed
        -:  961:
        -:  962:      //trash copies of cards returned to supply
    #####:  963:      for (j = 0; j < choice2; j++)
branch  0 never executed
branch  1 never executed
        -:  964:	{
    #####:  965:	  for (i = 0; i < state->handCount[currentPlayer]; i++)
branch  0 never executed
branch  1 never executed
        -:  966:	    {
    #####:  967:	      if (state->hand[currentPlayer][i] == state->hand[currentPlayer][choice1])
branch  0 never executed
branch  1 never executed
        -:  968:		{
    #####:  969:		  discardCard(i, currentPlayer, state, 1);
call    0 never executed
    #####:  970:		  break;
        -:  971:		}
        -:  972:	    }
        -:  973:	}			
        -:  974:
    #####:  975:      return 0;
        -:  976:		
        -:  977:    case cutpurse:
        -:  978:
    #####:  979:      updateCoins(currentPlayer, state, 2);
call    0 never executed
    #####:  980:      for (i = 0; i < state->numPlayers; i++)
branch  0 never executed
branch  1 never executed
        -:  981:	{
    #####:  982:	  if (i != currentPlayer)
branch  0 never executed
branch  1 never executed
        -:  983:	    {
    #####:  984:	      for (j = 0; j < state->handCount[i]; j++)
branch  0 never executed
branch  1 never executed
        -:  985:		{
    #####:  986:		  if (state->hand[i][j] == copper)
branch  0 never executed
branch  1 never executed
        -:  987:		    {
    #####:  988:		      discardCard(j, i, state, 0);
call    0 never executed
    #####:  989:		      break;
        -:  990:		    }
    #####:  991:		  if (j == state->handCount[i])
branch  0 never executed
branch  1 never executed
        -:  992:		    {
    #####:  993:		      for (k = 0; k < state->handCount[i]; k++)
branch  0 never executed
branch  1 never executed
        -:  994:			{
        -:  995:			  if (DEBUG)
        -:  996:			    printf("Player %d reveals card number %d\n", i, state->hand[i][k]);
        -:  997:			}	
    #####:  998:		      break;
        -:  999:		    }		
        -: 1000:		}
        -: 1001:					
        -: 1002:	    }
        -: 1003:				
        -: 1004:	}				
        -: 1005:
        -: 1006:      //discard played card from hand
    #####: 1007:      discardCard(handPos, currentPlayer, state, 0);			
call    0 never executed
        -: 1008:
    #####: 1009:      return 0;
        -: 1010:
        -: 1011:		
        -: 1012:    case embargo: 
        -: 1013:      //+2 Coins
    #####: 1014:      state->coins = state->coins + 2;
        -: 1015:			
        -: 1016:      //see if selected pile is in play
    #####: 1017:      if ( state->supplyCount[choice1] == -1 )
branch  0 never executed
branch  1 never executed
        -: 1018:	{
    #####: 1019:	  return -1;
        -: 1020:	}
        -: 1021:			
        -: 1022:      //add embargo token to selected supply pile
    #####: 1023:      state->embargoTokens[choice1]++;
        -: 1024:			
        -: 1025:      //trash card
    #####: 1026:      discardCard(handPos, currentPlayer, state, 1);		
call    0 never executed
    #####: 1027:      return 0;
        -: 1028:		
        -: 1029:    case outpost:
        -: 1030:      //set outpost flag
    #####: 1031:      state->outpostPlayed++;
        -: 1032:			
        -: 1033:      //discard card
    #####: 1034:      discardCard(handPos, currentPlayer, state, 0);
call    0 never executed
    #####: 1035:      return 0;
        -: 1036:		
        -: 1037:    case salvager:
        -: 1038:      //+1 buy
    #####: 1039:      state->numBuys++;
        -: 1040:			
    #####: 1041:      if (choice1)
branch  0 never executed
branch  1 never executed
        -: 1042:	{
        -: 1043:	  //gain coins equal to trashed card
    #####: 1044:	  state->coins = state->coins + getCost( handCard(choice1, state) );
call    0 never executed
call    1 never executed
        -: 1045:	  //trash card
    #####: 1046:	  discardCard(choice1, currentPlayer, state, 1);	
call    0 never executed
        -: 1047:	}
        -: 1048:			
        -: 1049:      //discard card
    #####: 1050:      discardCard(handPos, currentPlayer, state, 0);
call    0 never executed
    #####: 1051:      return 0;
        -: 1052:		
        -: 1053:    case sea_hag:
    #####: 1054:      for (i = 0; i < state->numPlayers; i++){
branch  0 never executed
branch  1 never executed
    #####: 1055:	if (i != currentPlayer){
branch  0 never executed
branch  1 never executed
    #####: 1056:	  state->discard[i][state->discardCount[i]] = state->deck[i][state->deckCount[i]--];			    state->deckCount[i]--;
    #####: 1057:	  state->discardCount[i]++;
    #####: 1058:	  state->deck[i][state->deckCount[i]--] = curse;//Top card now a curse
        -: 1059:	}
        -: 1060:      }
    #####: 1061:      return 0;
        -: 1062:		
        -: 1063:    case treasure_map:
        -: 1064:      //search hand for another treasure_map
    #####: 1065:      index = -1;
    #####: 1066:      for (i = 0; i < state->handCount[currentPlayer]; i++)
branch  0 never executed
branch  1 never executed
        -: 1067:	{
    #####: 1068:	  if (state->hand[currentPlayer][i] == treasure_map && i != handPos)
branch  0 never executed
branch  1 never executed
branch  2 never executed
branch  3 never executed
        -: 1069:	    {
    #####: 1070:	      index = i;
    #####: 1071:	      break;
        -: 1072:	    }
        -: 1073:	}
    #####: 1074:      if (index > -1)
branch  0 never executed
branch  1 never executed
        -: 1075:	{
        -: 1076:	  //trash both treasure cards
    #####: 1077:	  discardCard(handPos, currentPlayer, state, 1);
call    0 never executed
    #####: 1078:	  discardCard(index, currentPlayer, state, 1);
call    0 never executed
        -: 1079:
        -: 1080:	  //gain 4 Gold cards
    #####: 1081:	  for (i = 0; i < 4; i++)
branch  0 never executed
branch  1 never executed
        -: 1082:	    {
    #####: 1083:	      gainCard(gold, state, 1, currentPlayer);
call    0 never executed
        -: 1084:	    }
        -: 1085:				
        -: 1086:	  //return success
    #####: 1087:	  return 1;
        -: 1088:	}
        -: 1089:			
        -: 1090:      //no second treasure_map found in hand
    #####: 1091:      return -1;
        -: 1092:    }
        -: 1093:	
    #####: 1094:  return -1;
        -: 1095:}
        -: 1096:
function discardCard called 8000 returned 100% blocks executed 89%
     8000: 1097:int discardCard(int handPos, int currentPlayer, struct gameState *state, int trashFlag)
        -: 1098:{
        -: 1099:	
        -: 1100:  //if card is not trashed, added to Played pile 
     8000: 1101:  if (trashFlag < 1)
branch  0 taken 100% (fallthrough)
branch  1 taken 0%
        -: 1102:    {
        -: 1103:      //add card to played pile
     8000: 1104:      state->playedCards[state->playedCardCount] = state->hand[currentPlayer][handPos]; 
     8000: 1105:      state->playedCardCount++;
        -: 1106:    }
        -: 1107:	
        -: 1108:  //set played card to -1
     8000: 1109:  state->hand[currentPlayer][handPos] = -1;
        -: 1110:	
        -: 1111:  //remove card from player's hand
     8000: 1112:  if ( handPos == (state->handCount[currentPlayer] - 1) ) 	//last card in hand array is played
branch  0 taken 1% (fallthrough)
branch  1 taken 99%
        -: 1113:    {
        -: 1114:      //reduce number of cards in hand
       57: 1115:      state->handCount[currentPlayer]--;
        -: 1116:    }
     7943: 1117:  else if ( state->handCount[currentPlayer] == 1 ) //only one card in hand
branch  0 taken 0% (fallthrough)
branch  1 taken 100%
        -: 1118:    {
        -: 1119:      //reduce number of cards in hand
    #####: 1120:      state->handCount[currentPlayer]--;
        -: 1121:    }
        -: 1122:  else 	
        -: 1123:    {
        -: 1124:      //replace discarded card with last card in hand
     7943: 1125:      state->hand[currentPlayer][handPos] = state->hand[currentPlayer][ (state->handCount[currentPlayer] - 1)];
        -: 1126:      //set last card to -1
     7943: 1127:      state->hand[currentPlayer][state->handCount[currentPlayer] - 1] = -1;
        -: 1128:      //reduce number of cards in hand
     7943: 1129:      state->handCount[currentPlayer]--;
        -: 1130:    }
        -: 1131:	
     8000: 1132:  return 0;
        -: 1133:}
        -: 1134:
function gainCard called 0 returned 0% blocks executed 0%
    #####: 1135:int gainCard(int supplyPos, struct gameState *state, int toFlag, int player)
        -: 1136:{
        -: 1137:  //Note: supplyPos is enum of choosen card
        -: 1138:	
        -: 1139:  //check if supply pile is empty (0) or card is not used in game (-1)
    #####: 1140:  if ( supplyCount(supplyPos, state) < 1 )
call    0 never executed
branch  1 never executed
branch  2 never executed
        -: 1141:    {
    #####: 1142:      return -1;
        -: 1143:    }
        -: 1144:	
        -: 1145:  //added card for [whoseTurn] current player:
        -: 1146:  // toFlag = 0 : add to discard
        -: 1147:  // toFlag = 1 : add to deck
        -: 1148:  // toFlag = 2 : add to hand
        -: 1149:
    #####: 1150:  if (toFlag == 1)
branch  0 never executed
branch  1 never executed
        -: 1151:    {
    #####: 1152:      state->deck[ player ][ state->deckCount[player] ] = supplyPos;
    #####: 1153:      state->deckCount[player]++;
        -: 1154:    }
    #####: 1155:  else if (toFlag == 2)
branch  0 never executed
branch  1 never executed
        -: 1156:    {
    #####: 1157:      state->hand[ player ][ state->handCount[player] ] = supplyPos;
    #####: 1158:      state->handCount[player]++;
        -: 1159:    }
        -: 1160:  else
        -: 1161:    {
    #####: 1162:      state->discard[player][ state->discardCount[player] ] = supplyPos;
    #####: 1163:      state->discardCount[player]++;
        -: 1164:    }
        -: 1165:	
        -: 1166:  //decrease number in supply pile
    #####: 1167:  state->supplyCount[supplyPos]--;
        -: 1168:	 
    #####: 1169:  return 0;
        -: 1170:}
        -: 1171:
function updateCoins called 55846 returned 100% blocks executed 100%
    55846: 1172:int updateCoins(int player, struct gameState *state, int bonus)
        -: 1173:{
        -: 1174:  int i;
        -: 1175:	
        -: 1176:  //reset coin count
    55846: 1177:  state->coins = 0;
        -: 1178:
        -: 1179:  //add coins for each Treasure card in player's hand
 14001000: 1180:  for (i = 0; i < state->handCount[player]; i++)
branch  0 taken 99%
branch  1 taken 1% (fallthrough)
        -: 1181:    {
 13945154: 1182:      if (state->hand[player][i] == copper)
branch  0 taken 4% (fallthrough)
branch  1 taken 96%
        -: 1183:	{
   605714: 1184:	  state->coins += 1;
        -: 1185:	}
 13339440: 1186:      else if (state->hand[player][i] == silver)
branch  0 taken 5% (fallthrough)
branch  1 taken 95%
        -: 1187:	{
   606325: 1188:	  state->coins += 2;
        -: 1189:	}
 12733115: 1190:      else if (state->hand[player][i] == gold)
branch  0 taken 5% (fallthrough)
branch  1 taken 95%
        -: 1191:	{
   606128: 1192:	  state->coins += 3;
        -: 1193:	}	
        -: 1194:    }	
        -: 1195:
        -: 1196:  //add bonus
    55846: 1197:  state->coins += bonus;
        -: 1198:
    55846: 1199:  return 0;
        -: 1200:}
        -: 1201:
function playAdventurer called 6000 returned 100% blocks executed 100%
     6000: 1202:int playAdventurer(int drawntreasure, struct gameState *state, int temphand[], int currentPlayer)
        -: 1203:{
        -: 1204:  int cardDrawn;
     6000: 1205:  int z = 0;
        -: 1206:
   149915: 1207:  while(drawntreasure<=2){
branch  0 taken 96%
branch  1 taken 4% (fallthrough)
   137915: 1208:    if (state->deckCount[currentPlayer] <1){//if the deck is empty we need to shuffle discard and add to deck
branch  0 taken 1% (fallthrough)
branch  1 taken 99%
      376: 1209:      shuffle(currentPlayer, state);
call    0 returned 100%
        -: 1210:    }
   137915: 1211:    drawCard(currentPlayer, state);
call    0 returned 100%
   137915: 1212:    cardDrawn = state->hand[currentPlayer][state->handCount[currentPlayer]-1];//top card of hand is most recently drawn card.
   137915: 1213:    if (cardDrawn == copper || cardDrawn == silver || cardDrawn == gold)
branch  0 taken 96% (fallthrough)
branch  1 taken 4%
branch  2 taken 95% (fallthrough)
branch  3 taken 5%
branch  4 taken 5% (fallthrough)
branch  5 taken 95%
    18000: 1214:      drawntreasure++;
        -: 1215:    else {
   119915: 1216:      temphand[z]=cardDrawn;
   119915: 1217:      state->handCount[currentPlayer]--; //this should just remove the top card (the most recently drawn one).
   119915: 1218:      z++;
        -: 1219:    }
        -: 1220:  }
   131915: 1221:  while(z-1>=0){
branch  0 taken 95%
branch  1 taken 5% (fallthrough)
   119915: 1222:      state->discard[currentPlayer][state->discardCount[currentPlayer]++]=temphand[z-1]; // discard all cards in play that have been drawn
   119915: 1223:      z=z-1;
        -: 1224:  }
        -: 1225:
     6000: 1226:  return 0;
        -: 1227:}
        -: 1228:
function playSmithy called 4000 returned 100% blocks executed 100%
     4000: 1229:int playSmithy(int currentPlayer, struct gameState *state, int handPos) {
        -: 1230:  int i;
        -: 1231:  //+3 Cards
    16000: 1232:  for (i = 0; i < 3; i++)
branch  0 taken 75%
branch  1 taken 25% (fallthrough)
        -: 1233:  {
    12000: 1234:    drawCard(currentPlayer, state);
call    0 returned 100%
        -: 1235:  }
        -: 1236:
        -: 1237:  //discard card from hand
        -: 1238:  // The bug that used to be here caused segfaults. Per the instructor's
        -: 1239:  // Piazza answer here https://piazza.com/class/jino9xi6ivg1h3?cid=77
        -: 1240:  // I have removed the bug since it precluded testing
     4000: 1241:  discardCard(handPos, currentPlayer, state, 0);
call    0 returned 100%
     4000: 1242:  return 0;
        -: 1243:}
        -: 1244:
function playCouncil_room called 4000 returned 100% blocks executed 83%
     4000: 1245:int playCouncil_room(int currentPlayer, struct gameState *state, int handPos) {
        -: 1246:  int i;
        -: 1247:  //+4 Cards
     4000: 1248:  for (i; i < 4; i++)
branch  0 taken 0%
branch  1 taken 100% (fallthrough)
        -: 1249:  {
    #####: 1250:    drawCard(currentPlayer, state);
call    0 never executed
        -: 1251:  }
        -: 1252:  
        -: 1253:  //+1 Buy
     4000: 1254:  state->numBuys++;
        -: 1255:  
        -: 1256:  //Each other player draws a card
    15978: 1257:  for (i = 0; i < state->numPlayers; i++)
branch  0 taken 75%
branch  1 taken 25% (fallthrough)
        -: 1258:    {
    11978: 1259:      if ( i != currentPlayer )
branch  0 taken 67% (fallthrough)
branch  1 taken 33%
        -: 1260:      {
     7978: 1261:        drawCard(i, state);
call    0 returned 100%
        -: 1262:      }
        -: 1263:  }
        -: 1264:  
        -: 1265:  //put played card in played card pile
     4000: 1266:  discardCard(handPos, currentPlayer, state, 0);
call    0 returned 100%
        -: 1267:  
     4000: 1268:  return 0;
        -: 1269:}
        -: 1270:
function playFeast called 0 returned 0% blocks executed 0%
    #####: 1271:int playFeast(int currentPlayer, struct gameState *state, int temphand[], int choice1) {
        -: 1272:  int i, x;
        -: 1273:  //gain card with cost up to 5
        -: 1274:  //Backup hand
    #####: 1275:  for (i = 0; i <= state->handCount[currentPlayer]; i++){
branch  0 never executed
branch  1 never executed
    #####: 1276:    temphand[i] = state->hand[currentPlayer][i];//Backup card
    #####: 1277:    state->hand[currentPlayer][i] = -1;//Set to nothing
        -: 1278:  }
        -: 1279:  //Backup hand
        -: 1280:
        -: 1281:  //Update Coins for Buy
    #####: 1282:  updateCoins(currentPlayer, state, 5);
call    0 never executed
    #####: 1283:  x = 1;//Condition to loop on
    #####: 1284:  while( x == 1) {//Buy one card
branch  0 never executed
branch  1 never executed
    #####: 1285:    if (supplyCount(choice1, state) <= 0){
call    0 never executed
branch  1 never executed
branch  2 never executed
        -: 1286:      if (DEBUG)
        -: 1287:        printf("None of that card left, sorry!\n");
        -: 1288:
        -: 1289:      if (DEBUG){
        -: 1290:        printf("Cards Left: %d\n", supplyCount(choice1, state));
        -: 1291:      }
        -: 1292:    }
    #####: 1293:    else if (state->coins < getCost(choice1)){
call    0 never executed
branch  1 never executed
branch  2 never executed
    #####: 1294:      printf("That card is too expensive!\n");
call    0 never executed
        -: 1295:
        -: 1296:      if (DEBUG){
        -: 1297:        printf("Coins: %d < %d\n", state->coins, getCost(choice1));
        -: 1298:      }
        -: 1299:    }
        -: 1300:    else{
        -: 1301:
        -: 1302:      if (DEBUG){
        -: 1303:        printf("Deck Count: %d\n", state->handCount[currentPlayer] + state->deckCount[currentPlayer] + state->discardCount[currentPlayer]);
        -: 1304:      }
        -: 1305:
    #####: 1306:      gainCard(choice1, state, 0, currentPlayer);//Gain the card
call    0 never executed
    #####: 1307:      x = 0;//No more buying cards
        -: 1308:
        -: 1309:      if (DEBUG){
        -: 1310:        printf("Deck Count: %d\n", state->handCount[currentPlayer] + state->deckCount[currentPlayer] + state->discardCount[currentPlayer]);
        -: 1311:      }
        -: 1312:    }
        -: 1313:  }     
        -: 1314:
        -: 1315:  //Reset Hand
    #####: 1316:  for (i; i <= state->handCount[currentPlayer]; i++){
branch  0 never executed
branch  1 never executed
    #####: 1317:    state->hand[currentPlayer][i] = temphand[i];
    #####: 1318:    temphand[i] = -1;
        -: 1319:  }
        -: 1320:  //Reset Hand
        -: 1321:      			
    #####: 1322:  return 0;
        -: 1323:}
        -: 1324:
function playMine called 0 returned 0% blocks executed 0%
    #####: 1325:int playMine(int currentPlayer, struct gameState *state, int handPos, int choice1, int choice2) {
        -: 1326:  int i, j;
        -: 1327:
    #####: 1328:  j = state->hand[currentPlayer][choice1];  //store card we will trash
        -: 1329:
    #####: 1330:  if (state->hand[currentPlayer][choice1] < copper || state->hand[currentPlayer][choice1] > gold)
branch  0 never executed
branch  1 never executed
branch  2 never executed
branch  3 never executed
        -: 1331:	{
    #####: 1332:	  return -1;
        -: 1333:	}
        -: 1334:		
    #####: 1335:  if (choice2 > treasure_map || choice2 < curse)
branch  0 never executed
branch  1 never executed
branch  2 never executed
branch  3 never executed
        -: 1336:	{
    #####: 1337:	  return -1;
        -: 1338:	}
        -: 1339:
    #####: 1340:  if ( (getCost(state->hand[currentPlayer][choice1]) + 3) > getCost(choice2) )
call    0 never executed
call    1 never executed
branch  2 never executed
branch  3 never executed
        -: 1341:	{
    #####: 1342:	  return -1;
        -: 1343:	}
        -: 1344:
    #####: 1345:  gainCard(choice2, state, 2, currentPlayer);
call    0 never executed
        -: 1346:
        -: 1347:  //discard card from hand
    #####: 1348:  discardCard(handPos, currentPlayer, state, 0);
call    0 never executed
        -: 1349:
        -: 1350:  //discard trashed card
    #####: 1351:  for (i = 0; i < state->handCount[currentPlayer]; i++)
branch  0 never executed
branch  1 never executed
        -: 1352:  {
    #####: 1353:    if (state->hand[currentPlayer][i] == j)
branch  0 never executed
branch  1 never executed
        -: 1354:    {
    #####: 1355:      discardCard(i, currentPlayer, state, 0);			
call    0 never executed
    #####: 1356:      break;
        -: 1357:    }
        -: 1358:  }
        -: 1359:    
    #####: 1360:  return 0;
        -: 1361:}
        -: 1362://end of dominion.c
        -: 1363:
